
> ayphen-jira@0.0.0 dev
> vite --port 1600


  VITE v7.2.2  ready in 144 ms

  ➜  Local:   http://localhost:1600/
  ➜  Network: http://172.20.10.8:1600/
10:54:32 AM [vite] (client) hmr update /src/components/IssueDetail/IssueDetailPanel.tsx
10:54:34 AM [vite] (client) hmr update /src/components/CreateIssueModal.tsx
12:31:06 PM [vite] (client) hmr update /src/components/CreateIssueModal.tsx
12:31:10 PM [vite] (client) hmr update /src/components/Sprint/StartSprintModal.tsx
12:31:15 PM [vite] (client) hmr update /src/components/Sprint/CreateSprintModal.tsx
12:31:58 PM [vite] (client) hmr update /src/components/Sprint/CompleteSprintModal.tsx
12:32:30 PM [vite] (client) hmr update /src/components/TimeTracking/LogWorkModal.tsx
12:32:59 PM [vite] (client) hmr update /src/components/InviteModal.tsx
12:42:39 PM [vite] (client) hmr update /src/components/IssueDetail/IssueDetailPanel.tsx
1:51:50 PM [vite] (client) hmr update /src/components/IssueDetail/Sidebar/IssueRightSidebar.tsx
1:52:42 PM [vite] (client) hmr update /src/components/IssueDetail/Sidebar/DetailsSection.tsx
1:53:01 PM [vite] (client) hmr update /src/components/IssueDetail/Sidebar/IssueRightSidebar.tsx
2:16:02 PM [vite] (client) hmr update /src/components/IssueDetail/IssueDetailPanel.tsx
2:16:31 PM [vite] (client) hmr update /src/components/IssueDetail/IssueDetailPanel.tsx
2:16:51 PM [vite] (client) hmr update /src/components/IssueDetail/IssueDetailPanel.tsx
2:18:31 PM [vite] (client) hmr update /src/pages/BoardView.tsx
2:18:52 PM [vite] (client) hmr update /src/pages/BoardView.tsx
2:20:04 PM [vite] (client) hmr update /src/pages/BacklogView.tsx
2:20:23 PM [vite] (client) hmr update /src/pages/BacklogView.tsx
